c:\users\micro\deltachat\deltachat-core\winbuild\libs\zlib-1.2.11\libs@zlib-1.2.11@@z@sta\z.pdb
c:\users\micro\deltachat\deltachat-core\winbuild\libs\zlib-1.2.11\libs@zlib-1.2.11@@z@sta\z.idb
c:\users\micro\deltachat\deltachat-core\winbuild\libs\zlib-1.2.11\libs@zlib-1.2.11@@z@sta\adler32.c.obj
c:\users\micro\deltachat\deltachat-core\winbuild\libs\zlib-1.2.11\libs@zlib-1.2.11@@z@sta\crc32.c.obj
c:\users\micro\deltachat\deltachat-core\winbuild\libs\zlib-1.2.11\libs@zlib-1.2.11@@z@sta\deflate.c.obj
c:\users\micro\deltachat\deltachat-core\winbuild\libs\zlib-1.2.11\libs@zlib-1.2.11@@z@sta\infback.c.obj
c:\users\micro\deltachat\deltachat-core\winbuild\libs\zlib-1.2.11\libs@zlib-1.2.11@@z@sta\inffast.c.obj
c:\users\micro\deltachat\deltachat-core\winbuild\libs\zlib-1.2.11\libs@zlib-1.2.11@@z@sta\inflate.c.obj
c:\users\micro\deltachat\deltachat-core\winbuild\libs\zlib-1.2.11\libs@zlib-1.2.11@@z@sta\inftrees.c.obj
c:\users\micro\deltachat\deltachat-core\winbuild\libs\zlib-1.2.11\libs@zlib-1.2.11@@z@sta\trees.c.obj
c:\users\micro\deltachat\deltachat-core\winbuild\libs\zlib-1.2.11\libs@zlib-1.2.11@@z@sta\zutil.c.obj
c:\users\micro\deltachat\deltachat-core\winbuild\libs\zlib-1.2.11\libs@zlib-1.2.11@@z@sta\compress.c.obj
c:\users\micro\deltachat\deltachat-core\winbuild\libs\zlib-1.2.11\libs@zlib-1.2.11@@z@sta\uncompr.c.obj
c:\users\micro\deltachat\deltachat-core\winbuild\libs\zlib-1.2.11\libs@zlib-1.2.11@@z@sta\gzclose.c.obj
c:\users\micro\deltachat\deltachat-core\winbuild\libs\zlib-1.2.11\libs@zlib-1.2.11@@z@sta\gzlib.c.obj
c:\users\micro\deltachat\deltachat-core\winbuild\libs\zlib-1.2.11\libs@zlib-1.2.11@@z@sta\gzread.c.obj
c:\users\micro\deltachat\deltachat-core\winbuild\libs\zlib-1.2.11\libs@zlib-1.2.11@@z@sta\gzwrite.c.obj
c:\users\micro\deltachat\deltachat-core\winbuild\libs\zlib-1.2.11\libz.a
c:\users\micro\deltachat\deltachat-core\winbuild\libs\zlib-1.2.11\.\libz.a
c:\users\micro\deltachat\deltachat-core\winbuild\libs\zlib-1.2.11\libs@zlib-1.2.11@@z@sta\z.tlog\cl.command.1.tlog
c:\users\micro\deltachat\deltachat-core\winbuild\libs\zlib-1.2.11\libs@zlib-1.2.11@@z@sta\z.tlog\cl.read.1.tlog
c:\users\micro\deltachat\deltachat-core\winbuild\libs\zlib-1.2.11\libs@zlib-1.2.11@@z@sta\z.tlog\cl.write.1.tlog
c:\users\micro\deltachat\deltachat-core\winbuild\libs\zlib-1.2.11\libs@zlib-1.2.11@@z@sta\z.tlog\lib-link-cvtres.read.1.tlog
c:\users\micro\deltachat\deltachat-core\winbuild\libs\zlib-1.2.11\libs@zlib-1.2.11@@z@sta\z.tlog\lib-link-cvtres.write.1.tlog
c:\users\micro\deltachat\deltachat-core\winbuild\libs\zlib-1.2.11\libs@zlib-1.2.11@@z@sta\z.tlog\lib.command.1.tlog
